<?xml version="1.0" encoding="UTF-8"?>
<!-- Generated by org.testng.reporters.JUnitXMLReporter -->
<testsuite ignored="0" hostname="DhruvPrajapati" failures="1" tests="1" name="Surefire test" time="72.957" errors="0" timestamp="2026-02-12T17:08:58 IST">
  <testcase classname="test.TrashTest" name="trash" time="67.983">
    <failure type="java.lang.AssertionError" message="Drill &amp;apos;My Video&amp;apos; was not found in session after restore expected [true] but found [false]">
      <![CDATA[java.lang.AssertionError: Drill 'My Video' was not found in session after restore expected [true] but found [false]
at test.TrashTest.trash(TrashTest.java:88)
at java.base/java.util.ArrayList.forEach(ArrayList.java:1604)
... Removed 33 stack frames]]>
    </failure>
  </testcase> <!-- trash -->
</testsuite> <!-- Surefire test -->
