<?xml version="1.0" encoding="UTF-8"?>
<!-- Generated by org.testng.reporters.JUnitXMLReporter -->
<testsuite ignored="0" hostname="DhruvPrajapati" failures="1" tests="1" name="Login Tests" time="29.561" errors="0" timestamp="2026-02-06T15:15:07 IST">
  <testcase classname="test.CreateSessionTest" name="verifyCreateSession" time="23.69">
    <failure type="java.lang.AssertionError" message="Session &amp;apos;Pre Session&amp;apos; should be visible in the listing after creation. expected [true] but found [false]">
      <![CDATA[java.lang.AssertionError: Session 'Pre Session' should be visible in the listing after creation. expected [true] but found [false]
at test.CreateSessionTest.verifyCreateSession(CreateSessionTest.java:45)
at java.base/java.util.ArrayList.forEach(ArrayList.java:1604)
... Removed 32 stack frames]]>
    </failure>
  </testcase> <!-- verifyCreateSession -->
</testsuite> <!-- Login Tests -->
