<?xml version="1.0" encoding="UTF-8"?>
<testng-results ignored="0" total="1" passed="1" failed="0" skipped="0">
  <reporter-output>
  </reporter-output>
  <suite started-at="2026-02-13T10:16:02 IST" name="Surefire suite" finished-at="2026-02-13T10:17:47 IST" duration-ms="104714">
    <groups>
    </groups>
    <test started-at="2026-02-13T10:16:02 IST" name="Surefire test" finished-at="2026-02-13T10:17:47 IST" duration-ms="104714">
      <class name="test.TrashTest">
        <test-method is-config="true" signature="setUp()[pri:0, instance:test.TrashTest@d83da2e]" started-at="2026-02-13T10:16:02 IST" name="setUp" finished-at="2026-02-13T10:16:25 IST" duration-ms="22156" status="PASS">
          <reporter-output>
          </reporter-output>
        </test-method> <!-- setUp -->
        <test-method signature="trash()[pri:0, instance:test.TrashTest@d83da2e]" started-at="2026-02-13T10:16:25 IST" name="trash" finished-at="2026-02-13T10:17:47 IST" duration-ms="82147" status="PASS">
          <reporter-output>
          </reporter-output>
        </test-method> <!-- trash -->
        <test-method is-config="true" signature="tearDown()[pri:0, instance:test.TrashTest@d83da2e]" started-at="2026-02-13T10:17:47 IST" name="tearDown" finished-at="2026-02-13T10:17:47 IST" duration-ms="355" status="PASS">
          <reporter-output>
          </reporter-output>
        </test-method> <!-- tearDown -->
      </class> <!-- test.TrashTest -->
    </test> <!-- Surefire test -->
  </suite> <!-- Surefire suite -->
</testng-results>
