<?xml version="1.0" encoding="UTF-8"?>
<testng-results ignored="0" total="1" passed="1" failed="0" skipped="0">
  <reporter-output>
  </reporter-output>
  <suite started-at="2026-02-06T16:43:25 IST" name="RugbyIQ Test Suite" finished-at="2026-02-06T16:44:01 IST" duration-ms="35592">
    <groups>
    </groups>
    <test started-at="2026-02-06T16:43:25 IST" name="Rugby Tests" finished-at="2026-02-06T16:44:01 IST" duration-ms="35592">
      <class name="test.NavigationTest">
        <test-method is-config="true" signature="setUp()[pri:0, instance:test.NavigationTest@10683d9d]" started-at="2026-02-06T16:43:26 IST" name="setUp" finished-at="2026-02-06T16:43:30 IST" duration-ms="4027" status="PASS">
          <reporter-output>
          </reporter-output>
        </test-method> <!-- setUp -->
        <test-method signature="verifyNavigations()[pri:1, instance:test.NavigationTest@10683d9d]" started-at="2026-02-06T16:43:30 IST" name="verifyNavigations" description="Verify successful session creation" finished-at="2026-02-06T16:44:00 IST" duration-ms="30808" status="PASS">
          <reporter-output>
          </reporter-output>
        </test-method> <!-- verifyNavigations -->
        <test-method is-config="true" signature="tearDown()[pri:0, instance:test.NavigationTest@10683d9d]" started-at="2026-02-06T16:44:00 IST" name="tearDown" finished-at="2026-02-06T16:44:01 IST" duration-ms="374" status="PASS">
          <reporter-output>
          </reporter-output>
        </test-method> <!-- tearDown -->
      </class> <!-- test.NavigationTest -->
    </test> <!-- Rugby Tests -->
  </suite> <!-- RugbyIQ Test Suite -->
</testng-results>
