<?xml version="1.0" encoding="UTF-8"?>
<!-- Generated by org.testng.reporters.JUnitReportReporter -->
<testsuite hostname="DhruvPrajapati" failures="0" tests="4" name="test.LogIN" time="9.073" errors="0" timestamp="2026-02-06T14:34:00 IST" skipped="2">
  <testcase classname="test.LogIN" name="verifyLoginPageDisplayed" time="0.196"/>
  <testcase classname="test.LogIN" name="verifySuccessfulLogin" time="8.877"/>
  <testcase classname="test.LogIN" name="verifyLoginWithInvalidCredentials">
    <skipped/>
  </testcase> <!-- verifyLoginWithInvalidCredentials -->
  <testcase classname="test.LogIN" name="verifyLoginWithEmptyCredentials">
    <skipped/>
  </testcase> <!-- verifyLoginWithEmptyCredentials -->
</testsuite> <!-- test.LogIN -->
